CRITICAL - 2024-02-29 08:43:43 --> Object of class stdClass could not be converted to string
in APPPATH\Views\users\add.php on line 38.
 1 SYSTEMPATH\View\View.php(228): include()
 2 SYSTEMPATH\View\View.php(231): CodeIgniter\View\View->CodeIgniter\View\{closure}()
 3 SYSTEMPATH\Common.php(1190): CodeIgniter\View\View->render('users/add', [], true)
 4 APPPATH\Controllers\UserController.php(29): view('users/add', [...])
 5 SYSTEMPATH\CodeIgniter.php(942): App\Controllers\UserController->addUser()
 6 SYSTEMPATH\CodeIgniter.php(502): CodeIgniter\CodeIgniter->runController(Object(App\Controllers\UserController))
 7 SYSTEMPATH\CodeIgniter.php(361): CodeIgniter\CodeIgniter->handleRequest(null, Object(Config\Cache), false)
 8 FCPATH\index.php(79): CodeIgniter\CodeIgniter->run()
 9 SYSTEMPATH\Commands\Server\rewrite.php(47): require_once('C:\\xampp\\htdocs\\diestro-ci4\\public\\index.php')
CRITICAL - 2024-02-29 08:43:44 --> Object of class stdClass could not be converted to string
in APPPATH\Views\users\add.php on line 38.
 1 SYSTEMPATH\View\View.php(228): include()
 2 SYSTEMPATH\View\View.php(231): CodeIgniter\View\View->CodeIgniter\View\{closure}()
 3 SYSTEMPATH\Common.php(1190): CodeIgniter\View\View->render('users/add', [], true)
 4 APPPATH\Controllers\UserController.php(29): view('users/add', [...])
 5 SYSTEMPATH\CodeIgniter.php(942): App\Controllers\UserController->addUser()
 6 SYSTEMPATH\CodeIgniter.php(502): CodeIgniter\CodeIgniter->runController(Object(App\Controllers\UserController))
 7 SYSTEMPATH\CodeIgniter.php(361): CodeIgniter\CodeIgniter->handleRequest(null, Object(Config\Cache), false)
 8 FCPATH\index.php(79): CodeIgniter\CodeIgniter->run()
 9 SYSTEMPATH\Commands\Server\rewrite.php(47): require_once('C:\\xampp\\htdocs\\diestro-ci4\\public\\index.php')
CRITICAL - 2024-02-29 08:43:45 --> Object of class stdClass could not be converted to string
in APPPATH\Views\users\add.php on line 38.
 1 SYSTEMPATH\View\View.php(228): include()
 2 SYSTEMPATH\View\View.php(231): CodeIgniter\View\View->CodeIgniter\View\{closure}()
 3 SYSTEMPATH\Common.php(1190): CodeIgniter\View\View->render('users/add', [], true)
 4 APPPATH\Controllers\UserController.php(29): view('users/add', [...])
 5 SYSTEMPATH\CodeIgniter.php(942): App\Controllers\UserController->addUser()
 6 SYSTEMPATH\CodeIgniter.php(502): CodeIgniter\CodeIgniter->runController(Object(App\Controllers\UserController))
 7 SYSTEMPATH\CodeIgniter.php(361): CodeIgniter\CodeIgniter->handleRequest(null, Object(Config\Cache), false)
 8 FCPATH\index.php(79): CodeIgniter\CodeIgniter->run()
 9 SYSTEMPATH\Commands\Server\rewrite.php(47): require_once('C:\\xampp\\htdocs\\diestro-ci4\\public\\index.php')
CRITICAL - 2024-02-29 08:44:17 --> Object of class stdClass could not be converted to string
in APPPATH\Views\users\add.php on line 38.
 1 SYSTEMPATH\View\View.php(228): include()
 2 SYSTEMPATH\View\View.php(231): CodeIgniter\View\View->CodeIgniter\View\{closure}()
 3 SYSTEMPATH\Common.php(1190): CodeIgniter\View\View->render('users/add', [], true)
 4 APPPATH\Controllers\UserController.php(29): view('users/add', [...])
 5 SYSTEMPATH\CodeIgniter.php(942): App\Controllers\UserController->addUser()
 6 SYSTEMPATH\CodeIgniter.php(502): CodeIgniter\CodeIgniter->runController(Object(App\Controllers\UserController))
 7 SYSTEMPATH\CodeIgniter.php(361): CodeIgniter\CodeIgniter->handleRequest(null, Object(Config\Cache), false)
 8 FCPATH\index.php(79): CodeIgniter\CodeIgniter->run()
 9 SYSTEMPATH\Commands\Server\rewrite.php(47): require_once('C:\\xampp\\htdocs\\diestro-ci4\\public\\index.php')
CRITICAL - 2024-02-29 08:44:18 --> Object of class stdClass could not be converted to string
in APPPATH\Views\users\add.php on line 38.
 1 SYSTEMPATH\View\View.php(228): include()
 2 SYSTEMPATH\View\View.php(231): CodeIgniter\View\View->CodeIgniter\View\{closure}()
 3 SYSTEMPATH\Common.php(1190): CodeIgniter\View\View->render('users/add', [], true)
 4 APPPATH\Controllers\UserController.php(29): view('users/add', [...])
 5 SYSTEMPATH\CodeIgniter.php(942): App\Controllers\UserController->addUser()
 6 SYSTEMPATH\CodeIgniter.php(502): CodeIgniter\CodeIgniter->runController(Object(App\Controllers\UserController))
 7 SYSTEMPATH\CodeIgniter.php(361): CodeIgniter\CodeIgniter->handleRequest(null, Object(Config\Cache), false)
 8 FCPATH\index.php(79): CodeIgniter\CodeIgniter->run()
 9 SYSTEMPATH\Commands\Server\rewrite.php(47): require_once('C:\\xampp\\htdocs\\diestro-ci4\\public\\index.php')
CRITICAL - 2024-02-29 08:44:18 --> Object of class stdClass could not be converted to string
in APPPATH\Views\users\add.php on line 38.
 1 SYSTEMPATH\View\View.php(228): include()
 2 SYSTEMPATH\View\View.php(231): CodeIgniter\View\View->CodeIgniter\View\{closure}()
 3 SYSTEMPATH\Common.php(1190): CodeIgniter\View\View->render('users/add', [], true)
 4 APPPATH\Controllers\UserController.php(29): view('users/add', [...])
 5 SYSTEMPATH\CodeIgniter.php(942): App\Controllers\UserController->addUser()
 6 SYSTEMPATH\CodeIgniter.php(502): CodeIgniter\CodeIgniter->runController(Object(App\Controllers\UserController))
 7 SYSTEMPATH\CodeIgniter.php(361): CodeIgniter\CodeIgniter->handleRequest(null, Object(Config\Cache), false)
 8 FCPATH\index.php(79): CodeIgniter\CodeIgniter->run()
 9 SYSTEMPATH\Commands\Server\rewrite.php(47): require_once('C:\\xampp\\htdocs\\diestro-ci4\\public\\index.php')
CRITICAL - 2024-02-29 08:44:18 --> Object of class stdClass could not be converted to string
in APPPATH\Views\users\add.php on line 38.
 1 SYSTEMPATH\View\View.php(228): include()
 2 SYSTEMPATH\View\View.php(231): CodeIgniter\View\View->CodeIgniter\View\{closure}()
 3 SYSTEMPATH\Common.php(1190): CodeIgniter\View\View->render('users/add', [], true)
 4 APPPATH\Controllers\UserController.php(29): view('users/add', [...])
 5 SYSTEMPATH\CodeIgniter.php(942): App\Controllers\UserController->addUser()
 6 SYSTEMPATH\CodeIgniter.php(502): CodeIgniter\CodeIgniter->runController(Object(App\Controllers\UserController))
 7 SYSTEMPATH\CodeIgniter.php(361): CodeIgniter\CodeIgniter->handleRequest(null, Object(Config\Cache), false)
 8 FCPATH\index.php(79): CodeIgniter\CodeIgniter->run()
 9 SYSTEMPATH\Commands\Server\rewrite.php(47): require_once('C:\\xampp\\htdocs\\diestro-ci4\\public\\index.php')
CRITICAL - 2024-02-29 08:44:19 --> Object of class stdClass could not be converted to string
in APPPATH\Views\users\add.php on line 38.
 1 SYSTEMPATH\View\View.php(228): include()
 2 SYSTEMPATH\View\View.php(231): CodeIgniter\View\View->CodeIgniter\View\{closure}()
 3 SYSTEMPATH\Common.php(1190): CodeIgniter\View\View->render('users/add', [], true)
 4 APPPATH\Controllers\UserController.php(29): view('users/add', [...])
 5 SYSTEMPATH\CodeIgniter.php(942): App\Controllers\UserController->addUser()
 6 SYSTEMPATH\CodeIgniter.php(502): CodeIgniter\CodeIgniter->runController(Object(App\Controllers\UserController))
 7 SYSTEMPATH\CodeIgniter.php(361): CodeIgniter\CodeIgniter->handleRequest(null, Object(Config\Cache), false)
 8 FCPATH\index.php(79): CodeIgniter\CodeIgniter->run()
 9 SYSTEMPATH\Commands\Server\rewrite.php(47): require_once('C:\\xampp\\htdocs\\diestro-ci4\\public\\index.php')
CRITICAL - 2024-02-29 08:44:19 --> Object of class stdClass could not be converted to string
in APPPATH\Views\users\add.php on line 38.
 1 SYSTEMPATH\View\View.php(228): include()
 2 SYSTEMPATH\View\View.php(231): CodeIgniter\View\View->CodeIgniter\View\{closure}()
 3 SYSTEMPATH\Common.php(1190): CodeIgniter\View\View->render('users/add', [], true)
 4 APPPATH\Controllers\UserController.php(29): view('users/add', [...])
 5 SYSTEMPATH\CodeIgniter.php(942): App\Controllers\UserController->addUser()
 6 SYSTEMPATH\CodeIgniter.php(502): CodeIgniter\CodeIgniter->runController(Object(App\Controllers\UserController))
 7 SYSTEMPATH\CodeIgniter.php(361): CodeIgniter\CodeIgniter->handleRequest(null, Object(Config\Cache), false)
 8 FCPATH\index.php(79): CodeIgniter\CodeIgniter->run()
 9 SYSTEMPATH\Commands\Server\rewrite.php(47): require_once('C:\\xampp\\htdocs\\diestro-ci4\\public\\index.php')
CRITICAL - 2024-02-29 08:44:19 --> Object of class stdClass could not be converted to string
in APPPATH\Views\users\add.php on line 38.
 1 SYSTEMPATH\View\View.php(228): include()
 2 SYSTEMPATH\View\View.php(231): CodeIgniter\View\View->CodeIgniter\View\{closure}()
 3 SYSTEMPATH\Common.php(1190): CodeIgniter\View\View->render('users/add', [], true)
 4 APPPATH\Controllers\UserController.php(29): view('users/add', [...])
 5 SYSTEMPATH\CodeIgniter.php(942): App\Controllers\UserController->addUser()
 6 SYSTEMPATH\CodeIgniter.php(502): CodeIgniter\CodeIgniter->runController(Object(App\Controllers\UserController))
 7 SYSTEMPATH\CodeIgniter.php(361): CodeIgniter\CodeIgniter->handleRequest(null, Object(Config\Cache), false)
 8 FCPATH\index.php(79): CodeIgniter\CodeIgniter->run()
 9 SYSTEMPATH\Commands\Server\rewrite.php(47): require_once('C:\\xampp\\htdocs\\diestro-ci4\\public\\index.php')
CRITICAL - 2024-02-29 08:44:19 --> Object of class stdClass could not be converted to string
in APPPATH\Views\users\add.php on line 38.
 1 SYSTEMPATH\View\View.php(228): include()
 2 SYSTEMPATH\View\View.php(231): CodeIgniter\View\View->CodeIgniter\View\{closure}()
 3 SYSTEMPATH\Common.php(1190): CodeIgniter\View\View->render('users/add', [], true)
 4 APPPATH\Controllers\UserController.php(29): view('users/add', [...])
 5 SYSTEMPATH\CodeIgniter.php(942): App\Controllers\UserController->addUser()
 6 SYSTEMPATH\CodeIgniter.php(502): CodeIgniter\CodeIgniter->runController(Object(App\Controllers\UserController))
 7 SYSTEMPATH\CodeIgniter.php(361): CodeIgniter\CodeIgniter->handleRequest(null, Object(Config\Cache), false)
 8 FCPATH\index.php(79): CodeIgniter\CodeIgniter->run()
 9 SYSTEMPATH\Commands\Server\rewrite.php(47): require_once('C:\\xampp\\htdocs\\diestro-ci4\\public\\index.php')
CRITICAL - 2024-02-29 08:44:20 --> Object of class stdClass could not be converted to string
in APPPATH\Views\users\add.php on line 38.
 1 SYSTEMPATH\View\View.php(228): include()
 2 SYSTEMPATH\View\View.php(231): CodeIgniter\View\View->CodeIgniter\View\{closure}()
 3 SYSTEMPATH\Common.php(1190): CodeIgniter\View\View->render('users/add', [], true)
 4 APPPATH\Controllers\UserController.php(29): view('users/add', [...])
 5 SYSTEMPATH\CodeIgniter.php(942): App\Controllers\UserController->addUser()
 6 SYSTEMPATH\CodeIgniter.php(502): CodeIgniter\CodeIgniter->runController(Object(App\Controllers\UserController))
 7 SYSTEMPATH\CodeIgniter.php(361): CodeIgniter\CodeIgniter->handleRequest(null, Object(Config\Cache), false)
 8 FCPATH\index.php(79): CodeIgniter\CodeIgniter->run()
 9 SYSTEMPATH\Commands\Server\rewrite.php(47): require_once('C:\\xampp\\htdocs\\diestro-ci4\\public\\index.php')
CRITICAL - 2024-02-29 08:44:20 --> Object of class stdClass could not be converted to string
in APPPATH\Views\users\add.php on line 38.
 1 SYSTEMPATH\View\View.php(228): include()
 2 SYSTEMPATH\View\View.php(231): CodeIgniter\View\View->CodeIgniter\View\{closure}()
 3 SYSTEMPATH\Common.php(1190): CodeIgniter\View\View->render('users/add', [], true)
 4 APPPATH\Controllers\UserController.php(29): view('users/add', [...])
 5 SYSTEMPATH\CodeIgniter.php(942): App\Controllers\UserController->addUser()
 6 SYSTEMPATH\CodeIgniter.php(502): CodeIgniter\CodeIgniter->runController(Object(App\Controllers\UserController))
 7 SYSTEMPATH\CodeIgniter.php(361): CodeIgniter\CodeIgniter->handleRequest(null, Object(Config\Cache), false)
 8 FCPATH\index.php(79): CodeIgniter\CodeIgniter->run()
 9 SYSTEMPATH\Commands\Server\rewrite.php(47): require_once('C:\\xampp\\htdocs\\diestro-ci4\\public\\index.php')
CRITICAL - 2024-02-29 08:44:20 --> Object of class stdClass could not be converted to string
in APPPATH\Views\users\add.php on line 38.
 1 SYSTEMPATH\View\View.php(228): include()
 2 SYSTEMPATH\View\View.php(231): CodeIgniter\View\View->CodeIgniter\View\{closure}()
 3 SYSTEMPATH\Common.php(1190): CodeIgniter\View\View->render('users/add', [], true)
 4 APPPATH\Controllers\UserController.php(29): view('users/add', [...])
 5 SYSTEMPATH\CodeIgniter.php(942): App\Controllers\UserController->addUser()
 6 SYSTEMPATH\CodeIgniter.php(502): CodeIgniter\CodeIgniter->runController(Object(App\Controllers\UserController))
 7 SYSTEMPATH\CodeIgniter.php(361): CodeIgniter\CodeIgniter->handleRequest(null, Object(Config\Cache), false)
 8 FCPATH\index.php(79): CodeIgniter\CodeIgniter->run()
 9 SYSTEMPATH\Commands\Server\rewrite.php(47): require_once('C:\\xampp\\htdocs\\diestro-ci4\\public\\index.php')
CRITICAL - 2024-02-29 08:47:04 --> Object of class stdClass could not be converted to string
in APPPATH\Views\users\add.php on line 38.
 1 SYSTEMPATH\View\View.php(228): include()
 2 SYSTEMPATH\View\View.php(231): CodeIgniter\View\View->CodeIgniter\View\{closure}()
 3 SYSTEMPATH\Common.php(1190): CodeIgniter\View\View->render('users/add', [], true)
 4 APPPATH\Controllers\UserController.php(29): view('users/add', [...])
 5 SYSTEMPATH\CodeIgniter.php(942): App\Controllers\UserController->addUser()
 6 SYSTEMPATH\CodeIgniter.php(502): CodeIgniter\CodeIgniter->runController(Object(App\Controllers\UserController))
 7 SYSTEMPATH\CodeIgniter.php(361): CodeIgniter\CodeIgniter->handleRequest(null, Object(Config\Cache), false)
 8 FCPATH\index.php(79): CodeIgniter\CodeIgniter->run()
 9 SYSTEMPATH\Commands\Server\rewrite.php(47): require_once('C:\\xampp\\htdocs\\diestro-ci4\\public\\index.php')
CRITICAL - 2024-02-29 08:47:05 --> Object of class stdClass could not be converted to string
in APPPATH\Views\users\add.php on line 38.
 1 SYSTEMPATH\View\View.php(228): include()
 2 SYSTEMPATH\View\View.php(231): CodeIgniter\View\View->CodeIgniter\View\{closure}()
 3 SYSTEMPATH\Common.php(1190): CodeIgniter\View\View->render('users/add', [], true)
 4 APPPATH\Controllers\UserController.php(29): view('users/add', [...])
 5 SYSTEMPATH\CodeIgniter.php(942): App\Controllers\UserController->addUser()
 6 SYSTEMPATH\CodeIgniter.php(502): CodeIgniter\CodeIgniter->runController(Object(App\Controllers\UserController))
 7 SYSTEMPATH\CodeIgniter.php(361): CodeIgniter\CodeIgniter->handleRequest(null, Object(Config\Cache), false)
 8 FCPATH\index.php(79): CodeIgniter\CodeIgniter->run()
 9 SYSTEMPATH\Commands\Server\rewrite.php(47): require_once('C:\\xampp\\htdocs\\diestro-ci4\\public\\index.php')
CRITICAL - 2024-02-29 08:47:05 --> Object of class stdClass could not be converted to string
in APPPATH\Views\users\add.php on line 38.
 1 SYSTEMPATH\View\View.php(228): include()
 2 SYSTEMPATH\View\View.php(231): CodeIgniter\View\View->CodeIgniter\View\{closure}()
 3 SYSTEMPATH\Common.php(1190): CodeIgniter\View\View->render('users/add', [], true)
 4 APPPATH\Controllers\UserController.php(29): view('users/add', [...])
 5 SYSTEMPATH\CodeIgniter.php(942): App\Controllers\UserController->addUser()
 6 SYSTEMPATH\CodeIgniter.php(502): CodeIgniter\CodeIgniter->runController(Object(App\Controllers\UserController))
 7 SYSTEMPATH\CodeIgniter.php(361): CodeIgniter\CodeIgniter->handleRequest(null, Object(Config\Cache), false)
 8 FCPATH\index.php(79): CodeIgniter\CodeIgniter->run()
 9 SYSTEMPATH\Commands\Server\rewrite.php(47): require_once('C:\\xampp\\htdocs\\diestro-ci4\\public\\index.php')
CRITICAL - 2024-02-29 08:47:06 --> Object of class stdClass could not be converted to string
in APPPATH\Views\users\add.php on line 38.
 1 SYSTEMPATH\View\View.php(228): include()
 2 SYSTEMPATH\View\View.php(231): CodeIgniter\View\View->CodeIgniter\View\{closure}()
 3 SYSTEMPATH\Common.php(1190): CodeIgniter\View\View->render('users/add', [], true)
 4 APPPATH\Controllers\UserController.php(29): view('users/add', [...])
 5 SYSTEMPATH\CodeIgniter.php(942): App\Controllers\UserController->addUser()
 6 SYSTEMPATH\CodeIgniter.php(502): CodeIgniter\CodeIgniter->runController(Object(App\Controllers\UserController))
 7 SYSTEMPATH\CodeIgniter.php(361): CodeIgniter\CodeIgniter->handleRequest(null, Object(Config\Cache), false)
 8 FCPATH\index.php(79): CodeIgniter\CodeIgniter->run()
 9 SYSTEMPATH\Commands\Server\rewrite.php(47): require_once('C:\\xampp\\htdocs\\diestro-ci4\\public\\index.php')
CRITICAL - 2024-02-29 08:47:15 --> Object of class stdClass could not be converted to string
in APPPATH\Views\users\add.php on line 38.
 1 SYSTEMPATH\View\View.php(228): include()
 2 SYSTEMPATH\View\View.php(231): CodeIgniter\View\View->CodeIgniter\View\{closure}()
 3 SYSTEMPATH\Common.php(1190): CodeIgniter\View\View->render('users/add', [], true)
 4 APPPATH\Controllers\UserController.php(29): view('users/add', [...])
 5 SYSTEMPATH\CodeIgniter.php(942): App\Controllers\UserController->addUser()
 6 SYSTEMPATH\CodeIgniter.php(502): CodeIgniter\CodeIgniter->runController(Object(App\Controllers\UserController))
 7 SYSTEMPATH\CodeIgniter.php(361): CodeIgniter\CodeIgniter->handleRequest(null, Object(Config\Cache), false)
 8 FCPATH\index.php(79): CodeIgniter\CodeIgniter->run()
 9 SYSTEMPATH\Commands\Server\rewrite.php(47): require_once('C:\\xampp\\htdocs\\diestro-ci4\\public\\index.php')
CRITICAL - 2024-02-29 08:47:16 --> Object of class stdClass could not be converted to string
in APPPATH\Views\users\add.php on line 38.
 1 SYSTEMPATH\View\View.php(228): include()
 2 SYSTEMPATH\View\View.php(231): CodeIgniter\View\View->CodeIgniter\View\{closure}()
 3 SYSTEMPATH\Common.php(1190): CodeIgniter\View\View->render('users/add', [], true)
 4 APPPATH\Controllers\UserController.php(29): view('users/add', [...])
 5 SYSTEMPATH\CodeIgniter.php(942): App\Controllers\UserController->addUser()
 6 SYSTEMPATH\CodeIgniter.php(502): CodeIgniter\CodeIgniter->runController(Object(App\Controllers\UserController))
 7 SYSTEMPATH\CodeIgniter.php(361): CodeIgniter\CodeIgniter->handleRequest(null, Object(Config\Cache), false)
 8 FCPATH\index.php(79): CodeIgniter\CodeIgniter->run()
 9 SYSTEMPATH\Commands\Server\rewrite.php(47): require_once('C:\\xampp\\htdocs\\diestro-ci4\\public\\index.php')
CRITICAL - 2024-02-29 08:47:16 --> Object of class stdClass could not be converted to string
in APPPATH\Views\users\add.php on line 38.
 1 SYSTEMPATH\View\View.php(228): include()
 2 SYSTEMPATH\View\View.php(231): CodeIgniter\View\View->CodeIgniter\View\{closure}()
 3 SYSTEMPATH\Common.php(1190): CodeIgniter\View\View->render('users/add', [], true)
 4 APPPATH\Controllers\UserController.php(29): view('users/add', [...])
 5 SYSTEMPATH\CodeIgniter.php(942): App\Controllers\UserController->addUser()
 6 SYSTEMPATH\CodeIgniter.php(502): CodeIgniter\CodeIgniter->runController(Object(App\Controllers\UserController))
 7 SYSTEMPATH\CodeIgniter.php(361): CodeIgniter\CodeIgniter->handleRequest(null, Object(Config\Cache), false)
 8 FCPATH\index.php(79): CodeIgniter\CodeIgniter->run()
 9 SYSTEMPATH\Commands\Server\rewrite.php(47): require_once('C:\\xampp\\htdocs\\diestro-ci4\\public\\index.php')
CRITICAL - 2024-02-29 08:47:16 --> Object of class stdClass could not be converted to string
in APPPATH\Views\users\add.php on line 38.
 1 SYSTEMPATH\View\View.php(228): include()
 2 SYSTEMPATH\View\View.php(231): CodeIgniter\View\View->CodeIgniter\View\{closure}()
 3 SYSTEMPATH\Common.php(1190): CodeIgniter\View\View->render('users/add', [], true)
 4 APPPATH\Controllers\UserController.php(29): view('users/add', [...])
 5 SYSTEMPATH\CodeIgniter.php(942): App\Controllers\UserController->addUser()
 6 SYSTEMPATH\CodeIgniter.php(502): CodeIgniter\CodeIgniter->runController(Object(App\Controllers\UserController))
 7 SYSTEMPATH\CodeIgniter.php(361): CodeIgniter\CodeIgniter->handleRequest(null, Object(Config\Cache), false)
 8 FCPATH\index.php(79): CodeIgniter\CodeIgniter->run()
 9 SYSTEMPATH\Commands\Server\rewrite.php(47): require_once('C:\\xampp\\htdocs\\diestro-ci4\\public\\index.php')
CRITICAL - 2024-02-29 08:47:16 --> Object of class stdClass could not be converted to string
in APPPATH\Views\users\add.php on line 38.
 1 SYSTEMPATH\View\View.php(228): include()
 2 SYSTEMPATH\View\View.php(231): CodeIgniter\View\View->CodeIgniter\View\{closure}()
 3 SYSTEMPATH\Common.php(1190): CodeIgniter\View\View->render('users/add', [], true)
 4 APPPATH\Controllers\UserController.php(29): view('users/add', [...])
 5 SYSTEMPATH\CodeIgniter.php(942): App\Controllers\UserController->addUser()
 6 SYSTEMPATH\CodeIgniter.php(502): CodeIgniter\CodeIgniter->runController(Object(App\Controllers\UserController))
 7 SYSTEMPATH\CodeIgniter.php(361): CodeIgniter\CodeIgniter->handleRequest(null, Object(Config\Cache), false)
 8 FCPATH\index.php(79): CodeIgniter\CodeIgniter->run()
 9 SYSTEMPATH\Commands\Server\rewrite.php(47): require_once('C:\\xampp\\htdocs\\diestro-ci4\\public\\index.php')
CRITICAL - 2024-02-29 08:47:16 --> Object of class stdClass could not be converted to string
in APPPATH\Views\users\add.php on line 38.
 1 SYSTEMPATH\View\View.php(228): include()
 2 SYSTEMPATH\View\View.php(231): CodeIgniter\View\View->CodeIgniter\View\{closure}()
 3 SYSTEMPATH\Common.php(1190): CodeIgniter\View\View->render('users/add', [], true)
 4 APPPATH\Controllers\UserController.php(29): view('users/add', [...])
 5 SYSTEMPATH\CodeIgniter.php(942): App\Controllers\UserController->addUser()
 6 SYSTEMPATH\CodeIgniter.php(502): CodeIgniter\CodeIgniter->runController(Object(App\Controllers\UserController))
 7 SYSTEMPATH\CodeIgniter.php(361): CodeIgniter\CodeIgniter->handleRequest(null, Object(Config\Cache), false)
 8 FCPATH\index.php(79): CodeIgniter\CodeIgniter->run()
 9 SYSTEMPATH\Commands\Server\rewrite.php(47): require_once('C:\\xampp\\htdocs\\diestro-ci4\\public\\index.php')
CRITICAL - 2024-02-29 08:47:16 --> Object of class stdClass could not be converted to string
in APPPATH\Views\users\add.php on line 38.
 1 SYSTEMPATH\View\View.php(228): include()
 2 SYSTEMPATH\View\View.php(231): CodeIgniter\View\View->CodeIgniter\View\{closure}()
 3 SYSTEMPATH\Common.php(1190): CodeIgniter\View\View->render('users/add', [], true)
 4 APPPATH\Controllers\UserController.php(29): view('users/add', [...])
 5 SYSTEMPATH\CodeIgniter.php(942): App\Controllers\UserController->addUser()
 6 SYSTEMPATH\CodeIgniter.php(502): CodeIgniter\CodeIgniter->runController(Object(App\Controllers\UserController))
 7 SYSTEMPATH\CodeIgniter.php(361): CodeIgniter\CodeIgniter->handleRequest(null, Object(Config\Cache), false)
 8 FCPATH\index.php(79): CodeIgniter\CodeIgniter->run()
 9 SYSTEMPATH\Commands\Server\rewrite.php(47): require_once('C:\\xampp\\htdocs\\diestro-ci4\\public\\index.php')
CRITICAL - 2024-02-29 08:47:17 --> Object of class stdClass could not be converted to string
in APPPATH\Views\users\add.php on line 38.
 1 SYSTEMPATH\View\View.php(228): include()
 2 SYSTEMPATH\View\View.php(231): CodeIgniter\View\View->CodeIgniter\View\{closure}()
 3 SYSTEMPATH\Common.php(1190): CodeIgniter\View\View->render('users/add', [], true)
 4 APPPATH\Controllers\UserController.php(29): view('users/add', [...])
 5 SYSTEMPATH\CodeIgniter.php(942): App\Controllers\UserController->addUser()
 6 SYSTEMPATH\CodeIgniter.php(502): CodeIgniter\CodeIgniter->runController(Object(App\Controllers\UserController))
 7 SYSTEMPATH\CodeIgniter.php(361): CodeIgniter\CodeIgniter->handleRequest(null, Object(Config\Cache), false)
 8 FCPATH\index.php(79): CodeIgniter\CodeIgniter->run()
 9 SYSTEMPATH\Commands\Server\rewrite.php(47): require_once('C:\\xampp\\htdocs\\diestro-ci4\\public\\index.php')
CRITICAL - 2024-02-29 08:47:17 --> Object of class stdClass could not be converted to string
in APPPATH\Views\users\add.php on line 38.
 1 SYSTEMPATH\View\View.php(228): include()
 2 SYSTEMPATH\View\View.php(231): CodeIgniter\View\View->CodeIgniter\View\{closure}()
 3 SYSTEMPATH\Common.php(1190): CodeIgniter\View\View->render('users/add', [], true)
 4 APPPATH\Controllers\UserController.php(29): view('users/add', [...])
 5 SYSTEMPATH\CodeIgniter.php(942): App\Controllers\UserController->addUser()
 6 SYSTEMPATH\CodeIgniter.php(502): CodeIgniter\CodeIgniter->runController(Object(App\Controllers\UserController))
 7 SYSTEMPATH\CodeIgniter.php(361): CodeIgniter\CodeIgniter->handleRequest(null, Object(Config\Cache), false)
 8 FCPATH\index.php(79): CodeIgniter\CodeIgniter->run()
 9 SYSTEMPATH\Commands\Server\rewrite.php(47): require_once('C:\\xampp\\htdocs\\diestro-ci4\\public\\index.php')
CRITICAL - 2024-02-29 08:47:17 --> Object of class stdClass could not be converted to string
in APPPATH\Views\users\add.php on line 38.
 1 SYSTEMPATH\View\View.php(228): include()
 2 SYSTEMPATH\View\View.php(231): CodeIgniter\View\View->CodeIgniter\View\{closure}()
 3 SYSTEMPATH\Common.php(1190): CodeIgniter\View\View->render('users/add', [], true)
 4 APPPATH\Controllers\UserController.php(29): view('users/add', [...])
 5 SYSTEMPATH\CodeIgniter.php(942): App\Controllers\UserController->addUser()
 6 SYSTEMPATH\CodeIgniter.php(502): CodeIgniter\CodeIgniter->runController(Object(App\Controllers\UserController))
 7 SYSTEMPATH\CodeIgniter.php(361): CodeIgniter\CodeIgniter->handleRequest(null, Object(Config\Cache), false)
 8 FCPATH\index.php(79): CodeIgniter\CodeIgniter->run()
 9 SYSTEMPATH\Commands\Server\rewrite.php(47): require_once('C:\\xampp\\htdocs\\diestro-ci4\\public\\index.php')
CRITICAL - 2024-02-29 08:47:17 --> Object of class stdClass could not be converted to string
in APPPATH\Views\users\add.php on line 38.
 1 SYSTEMPATH\View\View.php(228): include()
 2 SYSTEMPATH\View\View.php(231): CodeIgniter\View\View->CodeIgniter\View\{closure}()
 3 SYSTEMPATH\Common.php(1190): CodeIgniter\View\View->render('users/add', [], true)
 4 APPPATH\Controllers\UserController.php(29): view('users/add', [...])
 5 SYSTEMPATH\CodeIgniter.php(942): App\Controllers\UserController->addUser()
 6 SYSTEMPATH\CodeIgniter.php(502): CodeIgniter\CodeIgniter->runController(Object(App\Controllers\UserController))
 7 SYSTEMPATH\CodeIgniter.php(361): CodeIgniter\CodeIgniter->handleRequest(null, Object(Config\Cache), false)
 8 FCPATH\index.php(79): CodeIgniter\CodeIgniter->run()
 9 SYSTEMPATH\Commands\Server\rewrite.php(47): require_once('C:\\xampp\\htdocs\\diestro-ci4\\public\\index.php')
CRITICAL - 2024-02-29 08:47:17 --> Object of class stdClass could not be converted to string
in APPPATH\Views\users\add.php on line 38.
 1 SYSTEMPATH\View\View.php(228): include()
 2 SYSTEMPATH\View\View.php(231): CodeIgniter\View\View->CodeIgniter\View\{closure}()
 3 SYSTEMPATH\Common.php(1190): CodeIgniter\View\View->render('users/add', [], true)
 4 APPPATH\Controllers\UserController.php(29): view('users/add', [...])
 5 SYSTEMPATH\CodeIgniter.php(942): App\Controllers\UserController->addUser()
 6 SYSTEMPATH\CodeIgniter.php(502): CodeIgniter\CodeIgniter->runController(Object(App\Controllers\UserController))
 7 SYSTEMPATH\CodeIgniter.php(361): CodeIgniter\CodeIgniter->handleRequest(null, Object(Config\Cache), false)
 8 FCPATH\index.php(79): CodeIgniter\CodeIgniter->run()
 9 SYSTEMPATH\Commands\Server\rewrite.php(47): require_once('C:\\xampp\\htdocs\\diestro-ci4\\public\\index.php')
CRITICAL - 2024-02-29 08:47:17 --> Object of class stdClass could not be converted to string
in APPPATH\Views\users\add.php on line 38.
 1 SYSTEMPATH\View\View.php(228): include()
 2 SYSTEMPATH\View\View.php(231): CodeIgniter\View\View->CodeIgniter\View\{closure}()
 3 SYSTEMPATH\Common.php(1190): CodeIgniter\View\View->render('users/add', [], true)
 4 APPPATH\Controllers\UserController.php(29): view('users/add', [...])
 5 SYSTEMPATH\CodeIgniter.php(942): App\Controllers\UserController->addUser()
 6 SYSTEMPATH\CodeIgniter.php(502): CodeIgniter\CodeIgniter->runController(Object(App\Controllers\UserController))
 7 SYSTEMPATH\CodeIgniter.php(361): CodeIgniter\CodeIgniter->handleRequest(null, Object(Config\Cache), false)
 8 FCPATH\index.php(79): CodeIgniter\CodeIgniter->run()
 9 SYSTEMPATH\Commands\Server\rewrite.php(47): require_once('C:\\xampp\\htdocs\\diestro-ci4\\public\\index.php')
CRITICAL - 2024-02-29 08:47:17 --> Object of class stdClass could not be converted to string
in APPPATH\Views\users\add.php on line 38.
 1 SYSTEMPATH\View\View.php(228): include()
 2 SYSTEMPATH\View\View.php(231): CodeIgniter\View\View->CodeIgniter\View\{closure}()
 3 SYSTEMPATH\Common.php(1190): CodeIgniter\View\View->render('users/add', [], true)
 4 APPPATH\Controllers\UserController.php(29): view('users/add', [...])
 5 SYSTEMPATH\CodeIgniter.php(942): App\Controllers\UserController->addUser()
 6 SYSTEMPATH\CodeIgniter.php(502): CodeIgniter\CodeIgniter->runController(Object(App\Controllers\UserController))
 7 SYSTEMPATH\CodeIgniter.php(361): CodeIgniter\CodeIgniter->handleRequest(null, Object(Config\Cache), false)
 8 FCPATH\index.php(79): CodeIgniter\CodeIgniter->run()
 9 SYSTEMPATH\Commands\Server\rewrite.php(47): require_once('C:\\xampp\\htdocs\\diestro-ci4\\public\\index.php')
CRITICAL - 2024-02-29 08:47:18 --> Object of class stdClass could not be converted to string
in APPPATH\Views\users\add.php on line 38.
 1 SYSTEMPATH\View\View.php(228): include()
 2 SYSTEMPATH\View\View.php(231): CodeIgniter\View\View->CodeIgniter\View\{closure}()
 3 SYSTEMPATH\Common.php(1190): CodeIgniter\View\View->render('users/add', [], true)
 4 APPPATH\Controllers\UserController.php(29): view('users/add', [...])
 5 SYSTEMPATH\CodeIgniter.php(942): App\Controllers\UserController->addUser()
 6 SYSTEMPATH\CodeIgniter.php(502): CodeIgniter\CodeIgniter->runController(Object(App\Controllers\UserController))
 7 SYSTEMPATH\CodeIgniter.php(361): CodeIgniter\CodeIgniter->handleRequest(null, Object(Config\Cache), false)
 8 FCPATH\index.php(79): CodeIgniter\CodeIgniter->run()
 9 SYSTEMPATH\Commands\Server\rewrite.php(47): require_once('C:\\xampp\\htdocs\\diestro-ci4\\public\\index.php')
CRITICAL - 2024-02-29 08:47:18 --> Object of class stdClass could not be converted to string
in APPPATH\Views\users\add.php on line 38.
 1 SYSTEMPATH\View\View.php(228): include()
 2 SYSTEMPATH\View\View.php(231): CodeIgniter\View\View->CodeIgniter\View\{closure}()
 3 SYSTEMPATH\Common.php(1190): CodeIgniter\View\View->render('users/add', [], true)
 4 APPPATH\Controllers\UserController.php(29): view('users/add', [...])
 5 SYSTEMPATH\CodeIgniter.php(942): App\Controllers\UserController->addUser()
 6 SYSTEMPATH\CodeIgniter.php(502): CodeIgniter\CodeIgniter->runController(Object(App\Controllers\UserController))
 7 SYSTEMPATH\CodeIgniter.php(361): CodeIgniter\CodeIgniter->handleRequest(null, Object(Config\Cache), false)
 8 FCPATH\index.php(79): CodeIgniter\CodeIgniter->run()
 9 SYSTEMPATH\Commands\Server\rewrite.php(47): require_once('C:\\xampp\\htdocs\\diestro-ci4\\public\\index.php')
CRITICAL - 2024-02-29 08:47:18 --> Object of class stdClass could not be converted to string
in APPPATH\Views\users\add.php on line 38.
 1 SYSTEMPATH\View\View.php(228): include()
 2 SYSTEMPATH\View\View.php(231): CodeIgniter\View\View->CodeIgniter\View\{closure}()
 3 SYSTEMPATH\Common.php(1190): CodeIgniter\View\View->render('users/add', [], true)
 4 APPPATH\Controllers\UserController.php(29): view('users/add', [...])
 5 SYSTEMPATH\CodeIgniter.php(942): App\Controllers\UserController->addUser()
 6 SYSTEMPATH\CodeIgniter.php(502): CodeIgniter\CodeIgniter->runController(Object(App\Controllers\UserController))
 7 SYSTEMPATH\CodeIgniter.php(361): CodeIgniter\CodeIgniter->handleRequest(null, Object(Config\Cache), false)
 8 FCPATH\index.php(79): CodeIgniter\CodeIgniter->run()
 9 SYSTEMPATH\Commands\Server\rewrite.php(47): require_once('C:\\xampp\\htdocs\\diestro-ci4\\public\\index.php')
CRITICAL - 2024-02-29 08:47:18 --> Object of class stdClass could not be converted to string
in APPPATH\Views\users\add.php on line 38.
 1 SYSTEMPATH\View\View.php(228): include()
 2 SYSTEMPATH\View\View.php(231): CodeIgniter\View\View->CodeIgniter\View\{closure}()
 3 SYSTEMPATH\Common.php(1190): CodeIgniter\View\View->render('users/add', [], true)
 4 APPPATH\Controllers\UserController.php(29): view('users/add', [...])
 5 SYSTEMPATH\CodeIgniter.php(942): App\Controllers\UserController->addUser()
 6 SYSTEMPATH\CodeIgniter.php(502): CodeIgniter\CodeIgniter->runController(Object(App\Controllers\UserController))
 7 SYSTEMPATH\CodeIgniter.php(361): CodeIgniter\CodeIgniter->handleRequest(null, Object(Config\Cache), false)
 8 FCPATH\index.php(79): CodeIgniter\CodeIgniter->run()
 9 SYSTEMPATH\Commands\Server\rewrite.php(47): require_once('C:\\xampp\\htdocs\\diestro-ci4\\public\\index.php')
CRITICAL - 2024-02-29 08:47:18 --> Object of class stdClass could not be converted to string
in APPPATH\Views\users\add.php on line 38.
 1 SYSTEMPATH\View\View.php(228): include()
 2 SYSTEMPATH\View\View.php(231): CodeIgniter\View\View->CodeIgniter\View\{closure}()
 3 SYSTEMPATH\Common.php(1190): CodeIgniter\View\View->render('users/add', [], true)
 4 APPPATH\Controllers\UserController.php(29): view('users/add', [...])
 5 SYSTEMPATH\CodeIgniter.php(942): App\Controllers\UserController->addUser()
 6 SYSTEMPATH\CodeIgniter.php(502): CodeIgniter\CodeIgniter->runController(Object(App\Controllers\UserController))
 7 SYSTEMPATH\CodeIgniter.php(361): CodeIgniter\CodeIgniter->handleRequest(null, Object(Config\Cache), false)
 8 FCPATH\index.php(79): CodeIgniter\CodeIgniter->run()
 9 SYSTEMPATH\Commands\Server\rewrite.php(47): require_once('C:\\xampp\\htdocs\\diestro-ci4\\public\\index.php')
CRITICAL - 2024-02-29 08:47:18 --> Object of class stdClass could not be converted to string
in APPPATH\Views\users\add.php on line 38.
 1 SYSTEMPATH\View\View.php(228): include()
 2 SYSTEMPATH\View\View.php(231): CodeIgniter\View\View->CodeIgniter\View\{closure}()
 3 SYSTEMPATH\Common.php(1190): CodeIgniter\View\View->render('users/add', [], true)
 4 APPPATH\Controllers\UserController.php(29): view('users/add', [...])
 5 SYSTEMPATH\CodeIgniter.php(942): App\Controllers\UserController->addUser()
 6 SYSTEMPATH\CodeIgniter.php(502): CodeIgniter\CodeIgniter->runController(Object(App\Controllers\UserController))
 7 SYSTEMPATH\CodeIgniter.php(361): CodeIgniter\CodeIgniter->handleRequest(null, Object(Config\Cache), false)
 8 FCPATH\index.php(79): CodeIgniter\CodeIgniter->run()
 9 SYSTEMPATH\Commands\Server\rewrite.php(47): require_once('C:\\xampp\\htdocs\\diestro-ci4\\public\\index.php')
CRITICAL - 2024-02-29 08:47:18 --> Object of class stdClass could not be converted to string
in APPPATH\Views\users\add.php on line 38.
 1 SYSTEMPATH\View\View.php(228): include()
 2 SYSTEMPATH\View\View.php(231): CodeIgniter\View\View->CodeIgniter\View\{closure}()
 3 SYSTEMPATH\Common.php(1190): CodeIgniter\View\View->render('users/add', [], true)
 4 APPPATH\Controllers\UserController.php(29): view('users/add', [...])
 5 SYSTEMPATH\CodeIgniter.php(942): App\Controllers\UserController->addUser()
 6 SYSTEMPATH\CodeIgniter.php(502): CodeIgniter\CodeIgniter->runController(Object(App\Controllers\UserController))
 7 SYSTEMPATH\CodeIgniter.php(361): CodeIgniter\CodeIgniter->handleRequest(null, Object(Config\Cache), false)
 8 FCPATH\index.php(79): CodeIgniter\CodeIgniter->run()
 9 SYSTEMPATH\Commands\Server\rewrite.php(47): require_once('C:\\xampp\\htdocs\\diestro-ci4\\public\\index.php')
CRITICAL - 2024-02-29 08:47:20 --> Object of class stdClass could not be converted to string
in APPPATH\Views\users\add.php on line 38.
 1 SYSTEMPATH\View\View.php(228): include()
 2 SYSTEMPATH\View\View.php(231): CodeIgniter\View\View->CodeIgniter\View\{closure}()
 3 SYSTEMPATH\Common.php(1190): CodeIgniter\View\View->render('users/add', [], true)
 4 APPPATH\Controllers\UserController.php(29): view('users/add', [...])
 5 SYSTEMPATH\CodeIgniter.php(942): App\Controllers\UserController->addUser()
 6 SYSTEMPATH\CodeIgniter.php(502): CodeIgniter\CodeIgniter->runController(Object(App\Controllers\UserController))
 7 SYSTEMPATH\CodeIgniter.php(361): CodeIgniter\CodeIgniter->handleRequest(null, Object(Config\Cache), false)
 8 FCPATH\index.php(79): CodeIgniter\CodeIgniter->run()
 9 SYSTEMPATH\Commands\Server\rewrite.php(47): require_once('C:\\xampp\\htdocs\\diestro-ci4\\public\\index.php')
CRITICAL - 2024-02-29 08:47:31 --> Object of class stdClass could not be converted to string
in APPPATH\Views\users\add.php on line 38.
 1 SYSTEMPATH\View\View.php(228): include()
 2 SYSTEMPATH\View\View.php(231): CodeIgniter\View\View->CodeIgniter\View\{closure}()
 3 SYSTEMPATH\Common.php(1190): CodeIgniter\View\View->render('users/add', [], true)
 4 APPPATH\Controllers\UserController.php(29): view('users/add', [...])
 5 SYSTEMPATH\CodeIgniter.php(942): App\Controllers\UserController->addUser()
 6 SYSTEMPATH\CodeIgniter.php(502): CodeIgniter\CodeIgniter->runController(Object(App\Controllers\UserController))
 7 SYSTEMPATH\CodeIgniter.php(361): CodeIgniter\CodeIgniter->handleRequest(null, Object(Config\Cache), false)
 8 FCPATH\index.php(79): CodeIgniter\CodeIgniter->run()
 9 SYSTEMPATH\Commands\Server\rewrite.php(47): require_once('C:\\xampp\\htdocs\\diestro-ci4\\public\\index.php')
CRITICAL - 2024-02-29 08:49:04 --> Object of class stdClass could not be converted to string
in APPPATH\Views\users\add.php on line 38.
 1 SYSTEMPATH\View\View.php(228): include()
 2 SYSTEMPATH\View\View.php(231): CodeIgniter\View\View->CodeIgniter\View\{closure}()
 3 SYSTEMPATH\Common.php(1190): CodeIgniter\View\View->render('users/add', [], true)
 4 APPPATH\Controllers\UserController.php(29): view('users/add', [...])
 5 SYSTEMPATH\CodeIgniter.php(942): App\Controllers\UserController->addUser()
 6 SYSTEMPATH\CodeIgniter.php(502): CodeIgniter\CodeIgniter->runController(Object(App\Controllers\UserController))
 7 SYSTEMPATH\CodeIgniter.php(361): CodeIgniter\CodeIgniter->handleRequest(null, Object(Config\Cache), false)
 8 FCPATH\index.php(79): CodeIgniter\CodeIgniter->run()
 9 SYSTEMPATH\Commands\Server\rewrite.php(47): require_once('C:\\xampp\\htdocs\\diestro-ci4\\public\\index.php')
CRITICAL - 2024-02-29 08:49:09 --> Object of class stdClass could not be converted to string
in APPPATH\Views\users\add.php on line 38.
 1 SYSTEMPATH\View\View.php(228): include()
 2 SYSTEMPATH\View\View.php(231): CodeIgniter\View\View->CodeIgniter\View\{closure}()
 3 SYSTEMPATH\Common.php(1190): CodeIgniter\View\View->render('users/add', [], true)
 4 APPPATH\Controllers\UserController.php(29): view('users/add', [...])
 5 SYSTEMPATH\CodeIgniter.php(942): App\Controllers\UserController->addUser()
 6 SYSTEMPATH\CodeIgniter.php(502): CodeIgniter\CodeIgniter->runController(Object(App\Controllers\UserController))
 7 SYSTEMPATH\CodeIgniter.php(361): CodeIgniter\CodeIgniter->handleRequest(null, Object(Config\Cache), false)
 8 FCPATH\index.php(79): CodeIgniter\CodeIgniter->run()
 9 SYSTEMPATH\Commands\Server\rewrite.php(47): require_once('C:\\xampp\\htdocs\\diestro-ci4\\public\\index.php')
CRITICAL - 2024-02-29 08:49:22 --> Object of class stdClass could not be converted to string
in APPPATH\Views\users\add.php on line 38.
 1 SYSTEMPATH\View\View.php(228): include()
 2 SYSTEMPATH\View\View.php(231): CodeIgniter\View\View->CodeIgniter\View\{closure}()
 3 SYSTEMPATH\Common.php(1190): CodeIgniter\View\View->render('users/add', [], true)
 4 APPPATH\Controllers\UserController.php(29): view('users/add', [...])
 5 SYSTEMPATH\CodeIgniter.php(942): App\Controllers\UserController->addUser()
 6 SYSTEMPATH\CodeIgniter.php(502): CodeIgniter\CodeIgniter->runController(Object(App\Controllers\UserController))
 7 SYSTEMPATH\CodeIgniter.php(361): CodeIgniter\CodeIgniter->handleRequest(null, Object(Config\Cache), false)
 8 FCPATH\index.php(79): CodeIgniter\CodeIgniter->run()
 9 SYSTEMPATH\Commands\Server\rewrite.php(47): require_once('C:\\xampp\\htdocs\\diestro-ci4\\public\\index.php')
CRITICAL - 2024-02-29 08:54:03 --> Object of class stdClass could not be converted to string
in APPPATH\Views\users\add.php on line 38.
 1 SYSTEMPATH\View\View.php(228): include()
 2 SYSTEMPATH\View\View.php(231): CodeIgniter\View\View->CodeIgniter\View\{closure}()
 3 SYSTEMPATH\Common.php(1190): CodeIgniter\View\View->render('users/add', [], true)
 4 APPPATH\Controllers\UserController.php(29): view('users/add', [...])
 5 SYSTEMPATH\CodeIgniter.php(942): App\Controllers\UserController->addUser()
 6 SYSTEMPATH\CodeIgniter.php(502): CodeIgniter\CodeIgniter->runController(Object(App\Controllers\UserController))
 7 SYSTEMPATH\CodeIgniter.php(361): CodeIgniter\CodeIgniter->handleRequest(null, Object(Config\Cache), false)
 8 FCPATH\index.php(79): CodeIgniter\CodeIgniter->run()
 9 SYSTEMPATH\Commands\Server\rewrite.php(47): require_once('C:\\xampp\\htdocs\\diestro-ci4\\public\\index.php')
